<?xml version="1.0" encoding="UTF-8"?>
<!-- Generated by org.testng.reporters.JUnitReportReporter -->
<testsuite hostname="NTP-LAP-782" failures="0" tests="4" name="com.renjana02.Scripts.TestClass" time="7.411" errors="0" timestamp="2022-12-16T00:12:19 IST" skipped="0">
  <testcase classname="com.renjana02.Scripts.TestClass" name="loginVerification" time="2.089"/>
  <system-out/>
  <testcase classname="com.renjana02.Scripts.TestClass" name="homeVerification" time="1.934"/>
  <system-out/>
  <testcase classname="com.renjana02.Scripts.TestClass" name="addEmployee" time="1.751"/>
  <system-out/>
  <testcase classname="com.renjana02.Scripts.TestClass" name="listEmployee" time="1.637"/>
  <system-out/>
</testsuite> <!-- com.renjana02.Scripts.TestClass -->
